1636989400958	geckodriver	INFO	Listening on 127.0.0.1:4444
1636989401208	mozrunner::runner	INFO	Running command: "/usr/bin/firefox" "--marionette" "-foreground" "-no-remote" "-profile" "/tmp/rust_mozprofileQwsaZr"
ATTENTION: default value of option mesa_glthread overridden by environment.
ATTENTION: default value of option mesa_glthread overridden by environment.
ATTENTION: default value of option mesa_glthread overridden by environment.
ATTENTION: default value of option mesa_glthread overridden by environment.
1636989401863	Marionette	INFO	Marionette enabled
console.warn: SearchSettings: "get: No settings file exists, new profile?" (new NotFoundError("Could not open the file at /tmp/rust_mozprofileQwsaZr/search.json.mozlz4", (void 0)))
1636989402982	Marionette	INFO	Listening on port 33775
1636989449632	Marionette	INFO	Stopped listening on port 33775

###!!! [Parent][RunMessage] Error: Channel closing: too late to send/recv, messages will be lost

1636989450030	mozrunner::runner	INFO	Running command: "/usr/bin/firefox" "--marionette" "-foreground" "-no-remote" "-profile" "/tmp/rust_mozprofileGsbCLG"
ATTENTION: default value of option mesa_glthread overridden by environment.
ATTENTION: default value of option mesa_glthread overridden by environment.
ATTENTION: default value of option mesa_glthread overridden by environment.
ATTENTION: default value of option mesa_glthread overridden by environment.
1636989450702	Marionette	INFO	Marionette enabled
console.warn: SearchSettings: "get: No settings file exists, new profile?" (new NotFoundError("Could not open the file at /tmp/rust_mozprofileGsbCLG/search.json.mozlz4", (void 0)))
1636989451892	Marionette	INFO	Listening on port 42963
1636989453976	Marionette	INFO	Stopped listening on port 42963

###!!! [Parent][RunMessage] Error: Channel closing: too late to send/recv, messages will be lost

